-------------------------------------------------------------------------------
Test set: TestSuite
-------------------------------------------------------------------------------
Tests run: 17, Failures: 6, Errors: 0, Skipped: 10, Time elapsed: 59.969 s <<< FAILURE! - in TestSuite
setup(com.romanceabroad.ui.RegistrationTests)  Time elapsed: 3.316 s  <<< FAILURE!
org.openqa.selenium.WebDriverException: Unable to parse remote response: Misconfigured -- Unsupported OS/browser/version/device combo: OS: 'Windows 10', Browser: '39.0', Version: 'Firefox.', Device: 'unspecified'
Caused by: org.openqa.selenium.json.JsonException: 
Unable to determine type from: M. Last 1 characters read: M
Build info: version: '3.141.59', revision: 'e82be7d358', time: '2018-11-14T08:17:03'
System info: host: 'ALLEN', ip: '192.168.1.156', os.name: 'Windows 10', os.arch: 'amd64', os.version: '10.0', java.version: '1.8.0_211'
Driver info: driver.version: RemoteWebDriver

setup(com.romanceabroad.ui.RegistrationTests)  Time elapsed: 4.144 s  <<< FAILURE!
org.openqa.selenium.WebDriverException: Unable to parse remote response: Misconfigured -- Unsupported OS/browser/version/device combo: OS: 'Windows 10', Browser: '16.16299', Version: 'MicrosoftEdge.', Device: 'unspecified'
Caused by: org.openqa.selenium.json.JsonException: 
Unable to determine type from: M. Last 1 characters read: M
Build info: version: '3.141.59', revision: 'e82be7d358', time: '2018-11-14T08:17:03'
System info: host: 'ALLEN', ip: '192.168.1.156', os.name: 'Windows 10', os.arch: 'amd64', os.version: '10.0', java.version: '1.8.0_211'
Driver info: driver.version: RemoteWebDriver

setup(com.romanceabroad.ui.RegistrationTests)  Time elapsed: 4.588 s  <<< FAILURE!
org.openqa.selenium.WebDriverException: Unable to parse remote response: Misconfigured -- Unsupported OS/browser/version/device combo: OS: 'Windows 10', Browser: '11.285', Version: 'Internet Explorer.', Device: 'unspecified'
Caused by: org.openqa.selenium.json.JsonException: 
Unable to determine type from: M. Last 1 characters read: M
Build info: version: '3.141.59', revision: 'e82be7d358', time: '2018-11-14T08:17:03'
System info: host: 'ALLEN', ip: '192.168.1.156', os.name: 'Windows 10', os.arch: 'amd64', os.version: '10.0', java.version: '1.8.0_211'
Driver info: driver.version: RemoteWebDriver

testRegistration2(com.romanceabroad.ui.RegistrationTests)  Time elapsed: 1.029 s  <<< FAILURE!
org.openqa.selenium.InvalidArgumentException: 
Unknown timeout type in 'timeouts': 'type'
Build info: version: '3.14.0', revision: 'aacccce0', time: '2018-08-02T20:13:22.693Z'
System info: host: 'itako1934.prod.miso', ip: 'fe80:0:0:0:1cb8:90a6:43b4:a21f%en0', os.name: 'Mac OS X', os.arch: 'x86_64', os.version: '10.13.6', java.version: '9.0.4'
Driver info: driver.version: unknown
Command duration or timeout: 0 milliseconds
	at com.romanceabroad.ui.RegistrationTests.testRegistration2(RegistrationTests.java:20)
Caused by: org.openqa.selenium.InvalidArgumentException: 
Unknown timeout type in 'timeouts': 'type'
Build info: version: '3.14.0', revision: 'aacccce0', time: '2018-08-02T20:13:22.693Z'
System info: host: 'itako1934.prod.miso', ip: 'fe80:0:0:0:1cb8:90a6:43b4:a21f%en0', os.name: 'Mac OS X', os.arch: 'x86_64', os.version: '10.13.6', java.version: '9.0.4'
Driver info: driver.version: unknown
Build info: version: '3.141.59', revision: 'e82be7d358', time: '2018-11-14T08:17:03'
System info: host: 'ALLEN', ip: '192.168.1.156', os.name: 'Windows 10', os.arch: 'amd64', os.version: '10.0', java.version: '1.8.0_211'
Driver info: driver.version: unknown

setup(com.romanceabroad.ui.RegistrationTests)  Time elapsed: 2.911 s  <<< FAILURE!
org.testng.TestNGException: 

Parameter 'version' is required by BeforeMethod on method setup but has not been marked @Optional or defined
in C:\Users\Satenik\project\GitHub\romanceabroadtest\romanceabroadtest\TestNG.xml

setup(com.romanceabroad.ui.RegistrationTests)  Time elapsed: 3.024 s  <<< FAILURE!
org.testng.TestNGException: 

Parameter 'version' is required by BeforeMethod on method setup but has not been marked @Optional or defined
in C:\Users\Satenik\project\GitHub\romanceabroadtest\romanceabroadtest\TestNG.xml

