<?xml version="1.0" encoding="UTF-8"?>
<!-- Generated by org.testng.reporters.JUnitXMLReporter -->
<testsuite hostname="Allen" ignored="0" name="IETestCases" tests="9" failures="1" timestamp="20 Nov 2019 07:17:33 GMT" time="236.074" errors="0">
  <testcase name="testRegistration2" time="59.679" classname="com.romanceabroad.ui.RegistrationTests3"/>
  <testcase name="testRegistration" time="60.358" classname="com.romanceabroad.ui.RegistrationTests2"/>
  <testcase name="testRegistration2" time="60.551" classname="com.romanceabroad.ui.RegistrationTests"/>
  <testcase name="testRegistration2" time="6.658" classname="com.romanceabroad.ui.RegistrationTests3"/>
  <testcase name="testRegistration2" time="22.615" classname="com.romanceabroad.ui.RegistrationTests">
    <failure type="org.openqa.selenium.TimeoutException" message="Expected condition failed: waiting for element to be clickable: [[InternetExplorerDriver: internet explorer on WINDOWS (4c8533a1-bb7e-4a2a-8b50-28a4415d0558)] -&amp;gt; css selector: input#email] (tried for 20 second(s) with 500 milliseconds interval)
Build info: version: &amp;apos;3.141.59&amp;apos;, revision: &amp;apos;e82be7d358&amp;apos;, time: &amp;apos;2018-11-14T08:17:03&amp;apos;
System info: host: &amp;apos;ALLEN&amp;apos;, ip: &amp;apos;192.168.1.156&amp;apos;, os.name: &amp;apos;Windows 10&amp;apos;, os.arch: &amp;apos;amd64&amp;apos;, os.version: &amp;apos;10.0&amp;apos;, java.version: &amp;apos;1.8.0_211&amp;apos;
Driver info: org.openqa.selenium.ie.InternetExplorerDriver
Capabilities {acceptInsecureCerts: false, browserName: internet explorer, browserVersion: 11, javascriptEnabled: true, pageLoadStrategy: normal, platform: WINDOWS, platformName: WINDOWS, proxy: Proxy(), se:ieOptions: {browserAttachTimeout: 0, elementScrollBehavior: 0, enablePersistentHover: true, ie.browserCommandLineSwitches: , ie.ensureCleanSession: false, ie.fileUploadDialogTimeout: 3000, ie.forceCreateProcessApi: false, ignoreProtectedModeSettings: false, ignoreZoomSetting: false, initialBrowserUrl: http://localhost:31140/, nativeEvents: true, requireWindowFocus: false}, setWindowRect: true, timeouts: {implicit: 0, pageLoad: 300000, script: 30000}}
Session ID: 4c8533a1-bb7e-4a2a-8b50-28a4415d0558">
      <![CDATA[org.openqa.selenium.TimeoutException: Expected condition failed: waiting for element to be clickable: [[InternetExplorerDriver: internet explorer on WINDOWS (4c8533a1-bb7e-4a2a-8b50-28a4415d0558)] -> css selector: input#email] (tried for 20 second(s) with 500 milliseconds interval)
Build info: version: '3.141.59', revision: 'e82be7d358', time: '2018-11-14T08:17:03'
System info: host: 'ALLEN', ip: '192.168.1.156', os.name: 'Windows 10', os.arch: 'amd64', os.version: '10.0', java.version: '1.8.0_211'
Driver info: org.openqa.selenium.ie.InternetExplorerDriver
Capabilities {acceptInsecureCerts: false, browserName: internet explorer, browserVersion: 11, javascriptEnabled: true, pageLoadStrategy: normal, platform: WINDOWS, platformName: WINDOWS, proxy: Proxy(), se:ieOptions: {browserAttachTimeout: 0, elementScrollBehavior: 0, enablePersistentHover: true, ie.browserCommandLineSwitches: , ie.ensureCleanSession: false, ie.fileUploadDialogTimeout: 3000, ie.forceCreateProcessApi: false, ignoreProtectedModeSettings: false, ignoreZoomSetting: false, initialBrowserUrl: http://localhost:31140/, nativeEvents: true, requireWindowFocus: false}, setWindowRect: true, timeouts: {implicit: 0, pageLoad: 300000, script: 30000}}
Session ID: 4c8533a1-bb7e-4a2a-8b50-28a4415d0558
at org.openqa.selenium.support.ui.WebDriverWait.timeoutException(WebDriverWait.java:95)
at org.openqa.selenium.support.ui.FluentWait.until(FluentWait.java:272)
at com.romanceabroad.ui.MainPage.completeFirstPartOfRegistration(MainPage.java:21)
at com.romanceabroad.ui.RegistrationTests.testRegistration2(RegistrationTests.java:13)
at java.util.concurrent.ThreadPoolExecutor.runWorker(ThreadPoolExecutor.java:1149)
at java.util.concurrent.ThreadPoolExecutor$Worker.run(ThreadPoolExecutor.java:624)
at java.lang.Thread.run(Thread.java:748)
... Removed 10 stack frames]]>
    </failure>
  </testcase> <!-- testRegistration2 -->
  <testcase name="testRegistration" time="67.584" classname="com.romanceabroad.ui.RegistrationTests2"/>
  <testcase name="testRegistration2" time="64.109" classname="com.romanceabroad.ui.RegistrationTests3"/>
  <testcase name="testRegistration2" time="60.983" classname="com.romanceabroad.ui.RegistrationTests"/>
  <testcase name="testRegistration" time="42.629" classname="com.romanceabroad.ui.RegistrationTests2"/>
</testsuite> <!-- IETestCases -->
