<?xml version="1.0" encoding="UTF-8"?>
<!-- Generated by org.testng.reporters.JUnitXMLReporter -->
<testsuite hostname="Allen" ignored="0" name="IETestCases" tests="1" failures="0" timestamp="09 Dec 2019 09:03:26 GMT" time="0.101" errors="0">
  <testcase name="@BeforeMethod setup" time="0.0" classname="com.romanceabroad.ui.BaseUITestWithSauceLabs">
    <failure type="org.testng.TestNGException" message="
Parameter &amp;apos;version&amp;apos; is required by BeforeMethod on method setup but has not been marked @Optional or defined
in C:\Users\Satenik\project\GitHub\romanceabroadtest\romanceabroadtest\TestNG.xml">
      <![CDATA[org.testng.TestNGException: 
Parameter 'version' is required by BeforeMethod on method setup but has not been marked @Optional or defined
in C:\Users\Satenik\project\GitHub\romanceabroadtest\romanceabroadtest\TestNG.xml
at java.util.concurrent.FutureTask.run(FutureTask.java:266)
at java.util.concurrent.ThreadPoolExecutor.runWorker(ThreadPoolExecutor.java:1149)
at java.util.concurrent.ThreadPoolExecutor$Worker.run(ThreadPoolExecutor.java:624)
at java.lang.Thread.run(Thread.java:748)
... Removed 16 stack frames]]>
    </failure>
  </testcase> <!-- @BeforeMethod setup -->
  <testcase name="@AfterMethod tearDown" time="0.0" classname="com.romanceabroad.ui.BaseUITestWithSauceLabs">
    <skipped/>
  </testcase> <!-- @AfterMethod tearDown -->
  <testcase name="testRegistration2" time="0.0" classname="com.romanceabroad.ui.RegistrationTests">
    <skipped/>
  </testcase> <!-- testRegistration2 -->
</testsuite> <!-- IETestCases -->
